<?xml version="1.0" encoding="UTF-8"?>
<!-- Generated by org.testng.reporters.JUnitReportReporter -->
<testsuite hostname="LAPTOP-3I6LSEUG" failures="0" tests="3" name="ui.Login" time="0.013" errors="0" timestamp="2023-05-01T23:18:43 IST" skipped="0">
  <testcase classname="ui.Login" name="setup" time="0.010"/>
  <system-out/>
  <testcase classname="ui.Login" name="login" time="0.001"/>
  <system-out/>
  <testcase classname="ui.Login" name="teardown" time="0.002"/>
  <system-out/>
</testsuite> <!-- ui.Login -->
